[debug] [2022-04-08T14:26:10.793Z] ----------------------------------------------------------------------
[debug] [2022-04-08T14:26:10.795Z] Command:       /usr/local/bin/node /usr/local/bin/firebase init
[debug] [2022-04-08T14:26:10.796Z] CLI Version:   10.6.0
[debug] [2022-04-08T14:26:10.796Z] Platform:      darwin
[debug] [2022-04-08T14:26:10.796Z] Node Version:  v16.13.0
[debug] [2022-04-08T14:26:10.798Z] Time:          Fri Apr 08 2022 15:26:10 GMT+0100 (British Summer Time)
[debug] [2022-04-08T14:26:10.799Z] ----------------------------------------------------------------------
[debug] 
[debug] [2022-04-08T14:26:10.812Z] > command requires scopes: ["email","openid","https://www.googleapis.com/auth/cloudplatformprojects.readonly","https://www.googleapis.com/auth/firebase","https://www.googleapis.com/auth/cloud-platform"]
[debug] [2022-04-08T14:26:10.813Z] > authorizing via signed-in user (eoinconway96@gmail.com)
[info] 
     ######## #### ########  ######## ########     ###     ######  ########
     ##        ##  ##     ## ##       ##     ##  ##   ##  ##       ##
     ######    ##  ########  ######   ########  #########  ######  ######
     ##        ##  ##    ##  ##       ##     ## ##     ##       ## ##
     ##       #### ##     ## ######## ########  ##     ##  ######  ########

You're about to initialize a Firebase project in this directory:

  /Users/eoin/Documents/React/weather-app

Before we get started, keep in mind:

  * You are currently outside your home directory

[info] 
=== Project Setup
[info] 
[info] First, let's associate this project directory with a Firebase project.
[info] You can create multiple project aliases by running firebase use --add, 
[info] but for now we'll just set up a default project.
[info] 
[debug] [2022-04-08T14:29:17.581Z] >>> [apiv2][query] GET https://firebase.googleapis.com/v1beta1/projects pageSize=100
[debug] [2022-04-08T14:29:18.693Z] <<< [apiv2][status] GET https://firebase.googleapis.com/v1beta1/projects 200
[debug] [2022-04-08T14:29:18.693Z] <<< [apiv2][body] GET https://firebase.googleapis.com/v1beta1/projects [omitted]
[info] i  Using project appuweather (appuweather) 
[info] 
=== Hosting Setup
[info] 
[info] Your public directory is the folder (relative to your project directory) that
[info] will contain Hosting assets to be uploaded with firebase deploy. If you
[info] have a build process for your assets, use your build's output directory.
[info] 
